<?xml version="1.0" encoding="UTF-8"?>
<!-- Generated by org.testng.reporters.JUnitReportReporter -->
<testsuite hostname="DESKTOP-MEL0TQP" failures="0" tests="1" name="practice.LaunchBrowserTest" time="2.620" errors="0" timestamp="2023-12-08T12:58:55 IST" skipped="0">
  <testcase classname="practice.LaunchBrowserTest" name="methodTest" time="2.620"/>
</testsuite> <!-- practice.LaunchBrowserTest -->
