<?xml version="1.0" encoding="UTF-8"?>
<!-- Generated by org.testng.reporters.JUnitReportReporter -->
<testsuite hostname="DESKTOP-MEL0TQP" failures="0" tests="1" name="practice.WalmartTest" time="2.640" errors="0" timestamp="2023-12-08T13:13:10 IST" skipped="0">
  <testcase classname="practice.WalmartTest" name="Test" time="2.640"/>
</testsuite> <!-- practice.WalmartTest -->
