<?xml version="1.0" encoding="UTF-8"?>
<!-- Generated by org.testng.reporters.JUnitReportReporter -->
<testsuite hostname="DESKTOP-MEL0TQP" failures="0" tests="1" name="practice.CreateContactTest1" time="4.663" errors="0" timestamp="2023-12-08T12:47:32 IST" skipped="0">
  <testcase classname="practice.CreateContactTest1" name="test1" time="4.663"/>
</testsuite> <!-- practice.CreateContactTest1 -->
